{"numFailedTestSuites":0,"numFailedTests":0,"numPassedTestSuites":147,"numPassedTests":418,"numPendingTestSuites":0,"numPendingTests":0,"numRuntimeErrorTestSuites":0,"numTodoTests":0,"numTotalTestSuites":147,"numTotalTests":418,"openHandles":[],"snapshot":{"added":0,"didUpdate":false,"failure":false,"filesAdded":0,"filesRemoved":0,"filesRemovedList":[],"filesUnmatched":0,"filesUpdated":0,"matched":5,"total":5,"unchecked":0,"uncheckedKeysByFile":[],"unmatched":0,"updated":0},"startTime":1698852576258,"success":true,"testResults":[{"assertionResults":[{"ancestorTitles":["Check nexus-carousel"],"failureMessages":[],"fullName":"Check nexus-carousel builds","location":null,"status":"passed","title":"builds"},{"ancestorTitles":["Check nexus-carousel"],"failureMessages":[],"fullName":"Check nexus-carousel should set the width of each item","location":null,"status":"passed","title":"should set the width of each item"},{"ancestorTitles":["nexus-carousel"],"failureMessages":[],"fullName":"nexus-carousel should set the width of the card container","location":null,"status":"passed","title":"should set the width of the card container"},{"ancestorTitles":["nexus-carousel"],"failureMessages":[],"fullName":"nexus-carousel should move 1 card on swipe","location":null,"status":"passed","title":"should move 1 card on swipe"},{"ancestorTitles":["nexus-carousel"],"failureMessages":[],"fullName":"nexus-carousel should set the scroll distance","location":null,"status":"passed","title":"should set the scroll distance"},{"ancestorTitles":["nexus-carousel"],"failureMessages":[],"fullName":"nexus-carousel should allow an overlap to see other cards","location":null,"status":"passed","title":"should allow an overlap to see other cards"},{"ancestorTitles":["nexus-carousel"],"failureMessages":[],"fullName":"nexus-carousel should not go past the first or last item","location":null,"status":"passed","title":"should not go past the first or last item"}],"endTime":1698852584258,"message":"","name":"/Users/bryanalanolson/Code/ui-nexus-design-system/packages/nexus/src/components/nexus-carousel/nexus-carousel.spec.ts","startTime":1698852578787,"status":"passed","summary":""},{"assertionResults":[{"ancestorTitles":["nexus-search"],"failureMessages":[],"fullName":"nexus-search builds","location":null,"status":"passed","title":"builds"},{"ancestorTitles":["nexus-search"],"failureMessages":[],"fullName":"nexus-search should navigate through options via arrow keys","location":null,"status":"passed","title":"should navigate through options via arrow keys"},{"ancestorTitles":["nexus-search"],"failureMessages":[],"fullName":"nexus-search should set the value of the input on enter","location":null,"status":"passed","title":"should set the value of the input on enter"},{"ancestorTitles":["nexus-search"],"failureMessages":[],"fullName":"nexus-search should open the menu if in focus","location":null,"status":"passed","title":"should open the menu if in focus"},{"ancestorTitles":["nexus-search"],"failureMessages":[],"fullName":"nexus-search should close the menu on tab","location":null,"status":"passed","title":"should close the menu on tab"},{"ancestorTitles":["nexus-search onclick"],"failureMessages":[],"fullName":"nexus-search onclick should set the value of the input ","location":null,"status":"passed","title":"should set the value of the input "},{"ancestorTitles":["nexus-search onclick"],"failureMessages":[],"fullName":"nexus-search onclick should open the menu","location":null,"status":"passed","title":"should open the menu"},{"ancestorTitles":["nexus-search onclick"],"failureMessages":[],"fullName":"nexus-search onclick outside should close the menu","location":null,"status":"passed","title":"outside should close the menu"}],"endTime":1698852584539,"message":"","name":"/Users/bryanalanolson/Code/ui-nexus-design-system/packages/nexus/src/components/nexus-search/nexus-search.spec.ts","startTime":1698852578786,"status":"passed","summary":""},{"assertionResults":[{"ancestorTitles":["nexus-toggle"],"failureMessages":[],"fullName":"nexus-toggle builds","location":null,"status":"passed","title":"builds"},{"ancestorTitles":["nexus-toggle"],"failureMessages":[],"fullName":"nexus-toggle renders class for button type","location":null,"status":"passed","title":"renders class for button type"},{"ancestorTitles":["nexus-toggle"],"failureMessages":[],"fullName":"nexus-toggle should have toggled attribute","location":null,"status":"passed","title":"should have toggled attribute"},{"ancestorTitles":["nexus-toggle"],"failureMessages":[],"fullName":"nexus-toggle should render the disabled toggle","location":null,"status":"passed","title":"should render the disabled toggle"},{"ancestorTitles":["nexus-toggle"],"failureMessages":[],"fullName":"nexus-toggle should set the disabled attribute","location":null,"status":"passed","title":"should set the disabled attribute"},{"ancestorTitles":["nexus-toggle"],"failureMessages":[],"fullName":"nexus-toggle should add the required attribute","location":null,"status":"passed","title":"should add the required attribute"},{"ancestorTitles":["nexus-toggle"],"failureMessages":[],"fullName":"nexus-toggle should set the id","location":null,"status":"passed","title":"should set the id"},{"ancestorTitles":["nexus-toggle"],"failureMessages":[],"fullName":"nexus-toggle should toggle true on change","location":null,"status":"passed","title":"should toggle true on change"},{"ancestorTitles":["nexus-toggle"],"failureMessages":[],"fullName":"nexus-toggle should toggle false on change","location":null,"status":"passed","title":"should toggle false on change"},{"ancestorTitles":["nexus-toggle"],"failureMessages":[],"fullName":"nexus-toggle should not toggle true when disabled on change","location":null,"status":"passed","title":"should not toggle true when disabled on change"},{"ancestorTitles":["nexus-toggle"],"failureMessages":[],"fullName":"nexus-toggle should set the toggle to true when clicked on label and toggle back","location":null,"status":"passed","title":"should set the toggle to true when clicked on label and toggle back"},{"ancestorTitles":["nexus-toggle"],"failureMessages":[],"fullName":"nexus-toggle should not show labels when label properties are not passed to the component","location":null,"status":"passed","title":"should not show labels when label properties are not passed to the component"},{"ancestorTitles":["nexus-toggle keyboard events"],"failureMessages":[],"fullName":"nexus-toggle keyboard events should call handleClick on space","location":null,"status":"passed","title":"should call handleClick on space"}],"endTime":1698852584651,"message":"","name":"/Users/bryanalanolson/Code/ui-nexus-design-system/packages/nexus/src/components/nexus-toggle/nexus-toggle.spec.ts","startTime":1698852578789,"status":"passed","summary":""},{"assertionResults":[{"ancestorTitles":["NexusTooltip"],"failureMessages":[],"fullName":"NexusTooltip should initialize with default values","location":null,"status":"passed","title":"should initialize with default values"},{"ancestorTitles":["NexusTooltip"],"failureMessages":[],"fullName":"NexusTooltip should contain class","location":null,"status":"passed","title":"should contain class"},{"ancestorTitles":["NexusTooltip"],"failureMessages":[],"fullName":"NexusTooltip should set the attrId when provided","location":null,"status":"passed","title":"should set the attrId when provided"},{"ancestorTitles":["NexusTooltip"],"failureMessages":[],"fullName":"NexusTooltip should set the position when provided","location":null,"status":"passed","title":"should set the position when provided"},{"ancestorTitles":["NexusTooltip"],"failureMessages":[],"fullName":"NexusTooltip should set the allowClick property when provided","location":null,"status":"passed","title":"should set the allowClick property when provided"},{"ancestorTitles":["NexusTooltip"],"failureMessages":[],"fullName":"NexusTooltip attrId when not provided","location":null,"status":"passed","title":"attrId when not provided"},{"ancestorTitles":["NexusTooltip"],"failureMessages":[],"fullName":"NexusTooltip should persist content on click","location":null,"status":"passed","title":"should persist content on click"},{"ancestorTitles":["NexusTooltip"],"failureMessages":[],"fullName":"NexusTooltip should close tooltip if content icon is clicked","location":null,"status":"passed","title":"should close tooltip if content icon is clicked"},{"ancestorTitles":["NexusTooltip"],"failureMessages":[],"fullName":"NexusTooltip should handle mouse events correctly","location":null,"status":"passed","title":"should handle mouse events correctly"},{"ancestorTitles":["calculates tooltip position based on element and content dimensions"],"failureMessages":[],"fullName":"calculates tooltip position based on element and content dimensions should set trigger position correctly","location":null,"status":"passed","title":"should set trigger position correctly"},{"ancestorTitles":["calculates tooltip position based on element and content dimensions"],"failureMessages":[],"fullName":"calculates tooltip position based on element and content dimensions tooltip position should be on bottom when their is no space on top","location":null,"status":"passed","title":"tooltip position should be on bottom when their is no space on top"},{"ancestorTitles":["calculates tooltip position based on element and content dimensions"],"failureMessages":[],"fullName":"calculates tooltip position based on element and content dimensions tooltip position based on space around it","location":null,"status":"passed","title":"tooltip position based on space around it"}],"endTime":1698852584999,"message":"","name":"/Users/bryanalanolson/Code/ui-nexus-design-system/packages/nexus/src/components/nexus-tooltip/nexus-tooltip.spec.ts","startTime":1698852578766,"status":"passed","summary":""},{"assertionResults":[{"ancestorTitles":["to check nexus-pin-entry class"],"failureMessages":[],"fullName":"to check nexus-pin-entry class should have nexus pin entry input class","location":null,"status":"passed","title":"should have nexus pin entry input class"},{"ancestorTitles":["to check nexus-pin-entry class"],"failureMessages":[],"fullName":"to check nexus-pin-entry class should have nexus pin entry class","location":null,"status":"passed","title":"should have nexus pin entry class"},{"ancestorTitles":["to check nexus-pin-entry class"],"failureMessages":[],"fullName":"to check nexus-pin-entry class should set first input class to 0 by default","location":null,"status":"passed","title":"should set first input class to 0 by default"},{"ancestorTitles":["to check nexus-pin-entry class"],"failureMessages":[],"fullName":"to check nexus-pin-entry class should set last class to last index","location":null,"status":"passed","title":"should set last class to last index"},{"ancestorTitles":["to check nexus-pin-entry class"],"failureMessages":[],"fullName":"to check nexus-pin-entry class length should set number of pin entry inputs","location":null,"status":"passed","title":"length should set number of pin entry inputs"},{"ancestorTitles":["to check nexus-pin-entry class"],"failureMessages":[],"fullName":"to check nexus-pin-entry class should set disabled attribute","location":null,"status":"passed","title":"should set disabled attribute"},{"ancestorTitles":["to check nexus-pin-entry class"],"failureMessages":[],"fullName":"to check nexus-pin-entry class should set disabled attribute for all inputs","location":null,"status":"passed","title":"should set disabled attribute for all inputs"},{"ancestorTitles":["to check nexus-pin-entry class"],"failureMessages":[],"fullName":"to check nexus-pin-entry class should set maxLength for each input to 1","location":null,"status":"passed","title":"should set maxLength for each input to 1"},{"ancestorTitles":["check nexus-pin-entry class"],"failureMessages":[],"fullName":"check nexus-pin-entry class default pattern should be null","location":null,"status":"passed","title":"default pattern should be null"},{"ancestorTitles":["check nexus-pin-entry class"],"failureMessages":[],"fullName":"check nexus-pin-entry class should set pattern for each input to alphanumeric","location":null,"status":"passed","title":"should set pattern for each input to alphanumeric"},{"ancestorTitles":["check nexus-pin-entry class"],"failureMessages":[],"fullName":"check nexus-pin-entry class default type should be text","location":null,"status":"passed","title":"default type should be text"},{"ancestorTitles":["check nexus-pin-entry class"],"failureMessages":[],"fullName":"check nexus-pin-entry class should set type for each input to password","location":null,"status":"passed","title":"should set type for each input to password"},{"ancestorTitles":["check nexus-pin-entry class"],"failureMessages":[],"fullName":"check nexus-pin-entry class should have called handleOnInput","location":null,"status":"passed","title":"should have called handleOnInput"},{"ancestorTitles":["check nexus-pin-entry class"],"failureMessages":[],"fullName":"check nexus-pin-entry class should have called handleFocus","location":null,"status":"passed","title":"should have called handleFocus"},{"ancestorTitles":["check nexus-pin-entry class"],"failureMessages":[],"fullName":"check nexus-pin-entry class should have called handleKeydown","location":null,"status":"passed","title":"should have called handleKeydown"},{"ancestorTitles":["check nexus-pin-entry class"],"failureMessages":[],"fullName":"check nexus-pin-entry class should have ignored handleKeydown, backwards not called","location":null,"status":"passed","title":"should have ignored handleKeydown, backwards not called"},{"ancestorTitles":["check nexus-pin-entry class"],"failureMessages":[],"fullName":"check nexus-pin-entry class input value should be updated","location":null,"status":"passed","title":"input value should be updated"},{"ancestorTitles":["check nexus-pin-entry class"],"failureMessages":[],"fullName":"check nexus-pin-entry class should have called keydown multiple times","location":null,"status":"passed","title":"should have called keydown multiple times"},{"ancestorTitles":["check nexus-pin-entry class"],"failureMessages":[],"fullName":"check nexus-pin-entry class should update pin value when backspace is pressed","location":null,"status":"passed","title":"should update pin value when backspace is pressed"},{"ancestorTitles":["check nexus-pin-entry class"],"failureMessages":[],"fullName":"check nexus-pin-entry class should have called advance multiple times","location":null,"status":"passed","title":"should have called advance multiple times"}],"endTime":1698852585160,"message":"","name":"/Users/bryanalanolson/Code/ui-nexus-design-system/packages/nexus/src/components/nexus-pin-entry/nexus-pin-entry.spec.ts","startTime":1698852578761,"status":"passed","summary":""},{"assertionResults":[{"ancestorTitles":["check nexus-select"],"failureMessages":[],"fullName":"check nexus-select should contain class","location":null,"status":"passed","title":"should contain class"},{"ancestorTitles":["check nexus-select"],"failureMessages":[],"fullName":"check nexus-select should set a custom id if one is provided","location":null,"status":"passed","title":"should set a custom id if one is provided"},{"ancestorTitles":["check nexus-select"],"failureMessages":[],"fullName":"check nexus-select should set a default id if none exists","location":null,"status":"passed","title":"should set a default id if none exists"},{"ancestorTitles":["check nexus-select"],"failureMessages":[],"fullName":"check nexus-select should set a default id on multiple inputs if none exists","location":null,"status":"passed","title":"should set a default id on multiple inputs if none exists"},{"ancestorTitles":["check nexus-select"],"failureMessages":[],"fullName":"check nexus-select updateValue called when value changes for custom select","location":null,"status":"passed","title":"updateValue called when value changes for custom select"},{"ancestorTitles":["check nexus-select"],"failureMessages":[],"fullName":"check nexus-select updateValue called when value changes for custom select with delimiter passed","location":null,"status":"passed","title":"updateValue called when value changes for custom select with delimiter passed"},{"ancestorTitles":["check nexus-select"],"failureMessages":[],"fullName":"check nexus-select updateValue called when value changes for native select","location":null,"status":"passed","title":"updateValue called when value changes for native select"},{"ancestorTitles":["check nexus-select"],"failureMessages":[],"fullName":"check nexus-select trigger _disabledChange disable events","location":null,"status":"passed","title":"trigger _disabledChange disable events"},{"ancestorTitles":["check nexus-select"],"failureMessages":[],"fullName":"check nexus-select does not trigger _disabledChange disable events when disabled value is changed to same","location":null,"status":"passed","title":"does not trigger _disabledChange disable events when disabled value is changed to same"},{"ancestorTitles":["check nexus-select"],"failureMessages":[],"fullName":"check nexus-select should set the placeholder attribute","location":null,"status":"passed","title":"should set the placeholder attribute"},{"ancestorTitles":["nexus-select trigger"],"failureMessages":[],"fullName":"nexus-select trigger call toggleDropDown onClick custom select","location":null,"status":"passed","title":"call toggleDropDown onClick custom select"},{"ancestorTitles":["nexus-select trigger"],"failureMessages":[],"fullName":"nexus-select trigger updateShowDropDown called when dropdown is open for custom select","location":null,"status":"passed","title":"updateShowDropDown called when dropdown is open for custom select"},{"ancestorTitles":["nexus-select trigger"],"failureMessages":[],"fullName":"nexus-select trigger does not call updateShowDropDown when dropdown is closed for custom select","location":null,"status":"passed","title":"does not call updateShowDropDown when dropdown is closed for custom select"},{"ancestorTitles":["nexus-select trigger"],"failureMessages":[],"fullName":"nexus-select trigger closed dropdown when click outside the select","location":null,"status":"passed","title":"closed dropdown when click outside the select"},{"ancestorTitles":["nexus-select trigger"],"failureMessages":[],"fullName":"nexus-select trigger close dropdown when click option for single-select","location":null,"status":"passed","title":"close dropdown when click option for single-select"},{"ancestorTitles":["nexus-select trigger"],"failureMessages":[],"fullName":"nexus-select trigger does not close dropdown when click option for multi-select","location":null,"status":"passed","title":"does not close dropdown when click option for multi-select"},{"ancestorTitles":["nexus-select trigger"],"failureMessages":[],"fullName":"nexus-select trigger emits triggerSelection when option is clicked","location":null,"status":"passed","title":"emits triggerSelection when option is clicked"},{"ancestorTitles":["nexus-select keyboard events for single select"],"failureMessages":[],"fullName":"nexus-select keyboard events for single select should call toggleDropDown on enter","location":null,"status":"passed","title":"should call toggleDropDown on enter"},{"ancestorTitles":["nexus-select keyboard events for single select"],"failureMessages":[],"fullName":"nexus-select keyboard events for single select should open dropdown on space","location":null,"status":"passed","title":"should open dropdown on space"},{"ancestorTitles":["nexus-select keyboard events for single select"],"failureMessages":[],"fullName":"nexus-select keyboard events for single select should close dropdown on escape","location":null,"status":"passed","title":"should close dropdown on escape"},{"ancestorTitles":["nexus-select keyboard events for single select"],"failureMessages":[],"fullName":"nexus-select keyboard events for single select should close dropdown on tab","location":null,"status":"passed","title":"should close dropdown on tab"},{"ancestorTitles":["nexus-select keyboard events for single select"],"failureMessages":[],"fullName":"nexus-select keyboard events for single select should do nothing if other buttons are pressed","location":null,"status":"passed","title":"should do nothing if other buttons are pressed"},{"ancestorTitles":["nexus-select keyboard events for single select"],"failureMessages":[],"fullName":"nexus-select keyboard events for single select should call changeSelectedValue on all Arrow keys","location":null,"status":"passed","title":"should call changeSelectedValue on all Arrow keys"},{"ancestorTitles":["nexus-select keyboard events for multi select"],"failureMessages":[],"fullName":"nexus-select keyboard events for multi select should open dropdown on arrow ","location":null,"status":"passed","title":"should open dropdown on arrow "},{"ancestorTitles":["nexus-select keyboard events for multi select"],"failureMessages":[],"fullName":"nexus-select keyboard events for multi select should open dropdown on space ","location":null,"status":"passed","title":"should open dropdown on space "},{"ancestorTitles":["nexus-select keyboard events for multi select"],"failureMessages":[],"fullName":"nexus-select keyboard events for multi select Skips disabled option on arrow ","location":null,"status":"passed","title":"Skips disabled option on arrow "},{"ancestorTitles":["nexus-select keyboard events for multi select"],"failureMessages":[],"fullName":"nexus-select keyboard events for multi select Does not got up on arrow if first option is disabled","location":null,"status":"passed","title":"Does not got up on arrow if first option is disabled"},{"ancestorTitles":["nexus-select keyboard events for multi select"],"failureMessages":[],"fullName":"nexus-select keyboard events for multi select restrict arrow movement to first and last option ","location":null,"status":"passed","title":"restrict arrow movement to first and last option "}],"endTime":1698852586285,"message":"","name":"/Users/bryanalanolson/Code/ui-nexus-design-system/packages/nexus/src/components/nexus-select/nexus-select.spec.ts","startTime":1698852578442,"status":"passed","summary":""},{"assertionResults":[{"ancestorTitles":["nexus-modal"],"failureMessages":[],"fullName":"nexus-modal should contain class","location":null,"status":"passed","title":"should contain class"},{"ancestorTitles":["nexus-modal"],"failureMessages":[],"fullName":"nexus-modal should disable scrolling","location":null,"status":"passed","title":"should disable scrolling"},{"ancestorTitles":["nexus-modal"],"failureMessages":[],"fullName":"nexus-modal should enable scrolling when destroyed","location":null,"status":"passed","title":"should enable scrolling when destroyed"},{"ancestorTitles":["nexus-modal"],"failureMessages":[],"fullName":"nexus-modal should emit closeEvent when modal is closed","location":null,"status":"passed","title":"should emit closeEvent when modal is closed"},{"ancestorTitles":["nexus-modal"],"failureMessages":[],"fullName":"nexus-modal should contain class nexus-modal-overlay-hidden if fullscreen is true","location":null,"status":"passed","title":"should contain class nexus-modal-overlay-hidden if fullscreen is true"},{"ancestorTitles":["nexus-modal"],"failureMessages":[],"fullName":"nexus-modal should not contain class nexus-modal-overlay-hidden if fullscreen is false","location":null,"status":"passed","title":"should not contain class nexus-modal-overlay-hidden if fullscreen is false"},{"ancestorTitles":["nexus-modal"],"failureMessages":[],"fullName":"nexus-modal should contain classes if size is full","location":null,"status":"passed","title":"should contain classes if size is full"},{"ancestorTitles":["nexus-modal"],"failureMessages":[],"fullName":"nexus-modal should contain class nexus-modal-xs and not nexus-modal-overlay-hidden if size is xs","location":null,"status":"passed","title":"should contain class nexus-modal-xs and not nexus-modal-overlay-hidden if size is xs"},{"ancestorTitles":["nexus-modal"],"failureMessages":[],"fullName":"nexus-modal should contain class nexus-modal-sm  and not nexus-modal-overlay-hidden if size is sm","location":null,"status":"passed","title":"should contain class nexus-modal-sm  and not nexus-modal-overlay-hidden if size is sm"},{"ancestorTitles":["nexus-modal"],"failureMessages":[],"fullName":"nexus-modal should contain class nexus-modal-md  and not nexus-modal-overlay-hidden if size is md","location":null,"status":"passed","title":"should contain class nexus-modal-md  and not nexus-modal-overlay-hidden if size is md"},{"ancestorTitles":["nexus-modal"],"failureMessages":[],"fullName":"nexus-modal should contain class nexus-modal-lg and not nexus-modal-overlay-hidden if size is lg","location":null,"status":"passed","title":"should contain class nexus-modal-lg and not nexus-modal-overlay-hidden if size is lg"},{"ancestorTitles":["nexus-modal"],"failureMessages":[],"fullName":"nexus-modal should contain class nexus-modal-xl  and not nexus-modal-overlay-hidden if size is xl","location":null,"status":"passed","title":"should contain class nexus-modal-xl  and not nexus-modal-overlay-hidden if size is xl"},{"ancestorTitles":["nexus-modal"],"failureMessages":[],"fullName":"nexus-modal should not contain any of the size classes if size is undefined","location":null,"status":"passed","title":"should not contain any of the size classes if size is undefined"}],"endTime":1698852586647,"message":"","name":"/Users/bryanalanolson/Code/ui-nexus-design-system/packages/nexus/src/components/nexus-modal/nexus-modal.spec.ts","startTime":1698852584663,"status":"passed","summary":""},{"assertionResults":[{"ancestorTitles":["nexus-card"],"failureMessages":[],"fullName":"nexus-card should contain class","location":null,"status":"passed","title":"should contain class"},{"ancestorTitles":["nexus-card"],"failureMessages":[],"fullName":"nexus-card should allow the entire card to be clickable","location":null,"status":"passed","title":"should allow the entire card to be clickable"},{"ancestorTitles":["nexus-card"],"failureMessages":[],"fullName":"nexus-card should set the background image","location":null,"status":"passed","title":"should set the background image"}],"endTime":1698852586751,"message":"","name":"/Users/bryanalanolson/Code/ui-nexus-design-system/packages/nexus/src/components/nexus-card/nexus-card.spec.ts","startTime":1698852585191,"status":"passed","summary":""},{"assertionResults":[{"ancestorTitles":["check nexus-slider"],"failureMessages":[],"fullName":"check nexus-slider should contain class","location":null,"status":"passed","title":"should contain class"},{"ancestorTitles":["check nexus-slider"],"failureMessages":[],"fullName":"check nexus-slider should set a custom id if one is provided","location":null,"status":"passed","title":"should set a custom id if one is provided"},{"ancestorTitles":["check nexus-slider"],"failureMessages":[],"fullName":"check nexus-slider should overwrite default id if one exists","location":null,"status":"passed","title":"should overwrite default id if one exists"},{"ancestorTitles":["check nexus-slider"],"failureMessages":[],"fullName":"check nexus-slider should set a default id if none exists","location":null,"status":"passed","title":"should set a default id if none exists"},{"ancestorTitles":["check nexus-slider"],"failureMessages":[],"fullName":"check nexus-slider should set a default id on multiple inputs if none exists","location":null,"status":"passed","title":"should set a default id on multiple inputs if none exists"},{"ancestorTitles":["check nexus-slider"],"failureMessages":[],"fullName":"check nexus-slider should set the min and max 0 and 100 if not defined","location":null,"status":"passed","title":"should set the min and max 0 and 100 if not defined"},{"ancestorTitles":["check nexus-slider"],"failureMessages":[],"fullName":"check nexus-slider should set the max value attribute","location":null,"status":"passed","title":"should set the max value attribute"},{"ancestorTitles":["check nexus-slider"],"failureMessages":[],"fullName":"check nexus-slider should set the min   value attribute","location":null,"status":"passed","title":"should set the min   value attribute"},{"ancestorTitles":["check nexus-slider"],"failureMessages":[],"fullName":"check nexus-slider should set the value half at start","location":null,"status":"passed","title":"should set the value half at start"},{"ancestorTitles":["check nexus-slider"],"failureMessages":[],"fullName":"check nexus-slider should set the initial value to 50 if min and max is not defined","location":null,"status":"passed","title":"should set the initial value to 50 if min and max is not defined"},{"ancestorTitles":["check nexus-slider"],"failureMessages":[],"fullName":"check nexus-slider should set the initial value to half of max if min is not defined","location":null,"status":"passed","title":"should set the initial value to half of max if min is not defined"},{"ancestorTitles":["check nexus-slider"],"failureMessages":[],"fullName":"check nexus-slider should set the required attribute","location":null,"status":"passed","title":"should set the required attribute"},{"ancestorTitles":["check nexus-slider"],"failureMessages":[],"fullName":"check nexus-slider should set the disabled attribute","location":null,"status":"passed","title":"should set the disabled attribute"},{"ancestorTitles":["check nexus-slider"],"failureMessages":[],"fullName":"check nexus-slider should emit the change event on input","location":null,"status":"passed","title":"should emit the change event on input"}],"endTime":1698852586850,"message":"","name":"/Users/bryanalanolson/Code/ui-nexus-design-system/packages/nexus/src/components/nexus-slider/nexus-slider.spec.ts","startTime":1698852584555,"status":"passed","summary":""},{"assertionResults":[{"ancestorTitles":["nexus-form-field"],"failureMessages":[],"fullName":"nexus-form-field builds","location":null,"status":"passed","title":"builds"},{"ancestorTitles":["nexus-form-field","with input"],"failureMessages":[],"fullName":"nexus-form-field with input should set the disabled attribute to form-field","location":null,"status":"passed","title":"should set the disabled attribute to form-field"},{"ancestorTitles":["nexus-form-field","with input"],"failureMessages":[],"fullName":"nexus-form-field with input should set the for attribute","location":null,"status":"passed","title":"should set the for attribute"},{"ancestorTitles":["nexus-form-field","with input"],"failureMessages":[],"fullName":"nexus-form-field with input should have an error class if the child has an error message","location":null,"status":"passed","title":"should have an error class if the child has an error message"},{"ancestorTitles":["nexus-form-field","with textarea"],"failureMessages":[],"fullName":"nexus-form-field with textarea should set the disabled attribute for nexus-textarea","location":null,"status":"passed","title":"should set the disabled attribute for nexus-textarea"},{"ancestorTitles":["nexus-form-field","with textarea"],"failureMessages":[],"fullName":"nexus-form-field with textarea should set the for attribute","location":null,"status":"passed","title":"should set the for attribute"},{"ancestorTitles":["nexus-form-field","with textarea"],"failureMessages":[],"fullName":"nexus-form-field with textarea should have an error class if the child has an error message","location":null,"status":"passed","title":"should have an error class if the child has an error message"},{"ancestorTitles":["nexus-form-field","with select"],"failureMessages":[],"fullName":"nexus-form-field with select should set the disabled attribute for nexus-select","location":null,"status":"passed","title":"should set the disabled attribute for nexus-select"},{"ancestorTitles":["nexus-form-field","with select"],"failureMessages":[],"fullName":"nexus-form-field with select should have select specific class","location":null,"status":"passed","title":"should have select specific class"},{"ancestorTitles":["nexus-form-field","with file upload"],"failureMessages":[],"fullName":"nexus-form-field with file upload should not set the for attribute","location":null,"status":"passed","title":"should not set the for attribute"}],"endTime":1698852587403,"message":"","name":"/Users/bryanalanolson/Code/ui-nexus-design-system/packages/nexus/src/components/nexus-form-field/nexus-form-field.spec.ts","startTime":1698852585015,"status":"passed","summary":""},{"assertionResults":[{"ancestorTitles":["check nexus-progress-bar"],"failureMessages":[],"fullName":"check nexus-progress-bar builds","location":null,"status":"passed","title":"builds"},{"ancestorTitles":["check nexus-progress-bar"],"failureMessages":[],"fullName":"check nexus-progress-bar should set the name","location":null,"status":"passed","title":"should set the name"},{"ancestorTitles":["check nexus-progress-bar"],"failureMessages":[],"fullName":"check nexus-progress-bar should set the error state","location":null,"status":"passed","title":"should set the error state"},{"ancestorTitles":["check nexus-progress-bar"],"failureMessages":[],"fullName":"check nexus-progress-bar should set the indeterminate state","location":null,"status":"passed","title":"should set the indeterminate state"},{"ancestorTitles":["check nexus-progress-bar"],"failureMessages":[],"fullName":"check nexus-progress-bar should render with value","location":null,"status":"passed","title":"should render with value"},{"ancestorTitles":["check nexus-progress-bar"],"failureMessages":[],"fullName":"check nexus-progress-bar should render with error","location":null,"status":"passed","title":"should render with error"},{"ancestorTitles":["check nexus-progress-bar"],"failureMessages":[],"fullName":"check nexus-progress-bar should render with indeterminate","location":null,"status":"passed","title":"should render with indeterminate"},{"ancestorTitles":["check nexus-progress-bar"],"failureMessages":[],"fullName":"check nexus-progress-bar should have a label","location":null,"status":"passed","title":"should have a label"},{"ancestorTitles":["check nexus-progress-bar"],"failureMessages":[],"fullName":"check nexus-progress-bar should render with circle","location":null,"status":"passed","title":"should render with circle"},{"ancestorTitles":["check nexus-progress-bar"],"failureMessages":[],"fullName":"check nexus-progress-bar should render indeterminate circle","location":null,"status":"passed","title":"should render indeterminate circle"}],"endTime":1698852587450,"message":"","name":"/Users/bryanalanolson/Code/ui-nexus-design-system/packages/nexus/src/components/nexus-progress-bar/nexus-progress-bar.spec.ts","startTime":1698852584397,"status":"passed","summary":""},{"assertionResults":[{"ancestorTitles":["check nexus-toast"],"failureMessages":[],"fullName":"check nexus-toast should contain class","location":null,"status":"passed","title":"should contain class"},{"ancestorTitles":["check nexus-toast"],"failureMessages":[],"fullName":"check nexus-toast should remove the tooltip when the x is clicked","location":null,"status":"passed","title":"should remove the tooltip when the x is clicked"},{"ancestorTitles":["check nexus-toast"],"failureMessages":[],"fullName":"check nexus-toast should have the custom icon class when custom option is selected","location":null,"status":"passed","title":"should have the custom icon class when custom option is selected"},{"ancestorTitles":["check nexus-toast"],"failureMessages":[],"fullName":"check nexus-toast auto close after 3 milli seconds.","location":null,"status":"passed","title":"auto close after 3 milli seconds."}],"endTime":1698852587605,"message":"","name":"/Users/bryanalanolson/Code/ui-nexus-design-system/packages/nexus/src/components/nexus-toast/nexus-toast.spec.ts","startTime":1698852578393,"status":"passed","summary":""},{"assertionResults":[{"ancestorTitles":["nexus-stepper"],"failureMessages":[],"fullName":"nexus-stepper renders","location":null,"status":"passed","title":"renders"}],"endTime":1698852588341,"message":"","name":"/Users/bryanalanolson/Code/ui-nexus-design-system/packages/nexus/src/components/nexus-stepper/nexus-stepper.e2e.tsx","startTime":1698852586361,"status":"passed","summary":""},{"assertionResults":[{"ancestorTitles":["nexus-pagination"],"failureMessages":[],"fullName":"nexus-pagination should have class","location":null,"status":"passed","title":"should have class"},{"ancestorTitles":["nexus-pagination"],"failureMessages":[],"fullName":"nexus-pagination should emit the correct page number when a button is clicked","location":null,"status":"passed","title":"should emit the correct page number when a button is clicked"},{"ancestorTitles":["nexus-pagination"],"failureMessages":[],"fullName":"nexus-pagination should emit the correct page number when entered as input","location":null,"status":"passed","title":"should emit the correct page number when entered as input"},{"ancestorTitles":["nexus-pagination"],"failureMessages":[],"fullName":"nexus-pagination should not emit an event when min or max is passed","location":null,"status":"passed","title":"should not emit an event when min or max is passed"}],"endTime":1698852589351,"message":"","name":"/Users/bryanalanolson/Code/ui-nexus-design-system/packages/nexus/src/components/nexus-pagination/nexus-pagination.spec.ts","startTime":1698852586939,"status":"passed","summary":""},{"assertionResults":[{"ancestorTitles":["nexus-tooltip-content"],"failureMessages":[],"fullName":"nexus-tooltip-content renders","location":null,"status":"passed","title":"renders"}],"endTime":1698852589467,"message":"","name":"/Users/bryanalanolson/Code/ui-nexus-design-system/packages/nexus/src/components/nexus-tooltip/nexus-tooltip-content/nexus-tooltip-content.e2e.tsx","startTime":1698852586655,"status":"passed","summary":""},{"assertionResults":[{"ancestorTitles":["NexusInput"],"failureMessages":[],"fullName":"NexusInput should contain class","location":null,"status":"passed","title":"should contain class"},{"ancestorTitles":["NexusInput"],"failureMessages":[],"fullName":"NexusInput should emit the change event on input","location":null,"status":"passed","title":"should emit the change event on input"},{"ancestorTitles":["NexusInput"],"failureMessages":[],"fullName":"NexusInput should set a default id if none exists","location":null,"status":"passed","title":"should set a default id if none exists"},{"ancestorTitles":["NexusInput"],"failureMessages":[],"fullName":"NexusInput should set a default id on multiple inputs if none exists","location":null,"status":"passed","title":"should set a default id on multiple inputs if none exists"},{"ancestorTitles":["NexusInput"],"failureMessages":[],"fullName":"NexusInput should overwrite default id if one exists","location":null,"status":"passed","title":"should overwrite default id if one exists"},{"ancestorTitles":["NexusInput"],"failureMessages":[],"fullName":"NexusInput should set the maxlength attribute","location":null,"status":"passed","title":"should set the maxlength attribute"},{"ancestorTitles":["NexusInput"],"failureMessages":[],"fullName":"NexusInput should set the minlength ","location":null,"status":"passed","title":"should set the minlength "},{"ancestorTitles":["NexusInput"],"failureMessages":[],"fullName":"NexusInput should set the disabled attribute","location":null,"status":"passed","title":"should set the disabled attribute"},{"ancestorTitles":["NexusInput"],"failureMessages":[],"fullName":"NexusInput should set the readonly attribute","location":null,"status":"passed","title":"should set the readonly attribute"},{"ancestorTitles":["NexusInput"],"failureMessages":[],"fullName":"NexusInput should set the placeholder attribute","location":null,"status":"passed","title":"should set the placeholder attribute"},{"ancestorTitles":["NexusInput"],"failureMessages":[],"fullName":"NexusInput should set the required attribute","location":null,"status":"passed","title":"should set the required attribute"}],"endTime":1698852590262,"message":"","name":"/Users/bryanalanolson/Code/ui-nexus-design-system/packages/nexus/src/components/nexus-input/nexus-input.spec.ts","startTime":1698852586769,"status":"passed","summary":""},{"assertionResults":[{"ancestorTitles":["nexus-chip"],"failureMessages":[],"fullName":"nexus-chip renders","location":null,"status":"passed","title":"renders"}],"endTime":1698852590286,"message":"","name":"/Users/bryanalanolson/Code/ui-nexus-design-system/packages/nexus/src/components/nexus-chip/nexus-chip.e2e.tsx","startTime":1698852587461,"status":"passed","summary":""},{"assertionResults":[{"ancestorTitles":["nexus-modal-header"],"failureMessages":[],"fullName":"nexus-modal-header renders","location":null,"status":"passed","title":"renders"}],"endTime":1698852590436,"message":"","name":"/Users/bryanalanolson/Code/ui-nexus-design-system/packages/nexus/src/components/nexus-modal/nexus-modal-header/nexus-modal-header.e2e.tsx","startTime":1698852587618,"status":"passed","summary":""},{"assertionResults":[{"ancestorTitles":["nexus-label"],"failureMessages":[],"fullName":"nexus-label renders","location":null,"status":"passed","title":"renders"}],"endTime":1698852590736,"message":"","name":"/Users/bryanalanolson/Code/ui-nexus-design-system/packages/nexus/src/components/nexus-label/nexus-label.e2e.tsx","startTime":1698852588390,"status":"passed","summary":""},{"assertionResults":[{"ancestorTitles":["nexus-dropdown"],"failureMessages":[],"fullName":"nexus-dropdown builds","location":null,"status":"passed","title":"builds"},{"ancestorTitles":["nexus-dropdown"],"failureMessages":[],"fullName":"nexus-dropdown should have the global class nexus-dropdown","location":null,"status":"passed","title":"should have the global class nexus-dropdown"},{"ancestorTitles":["nexus-dropdown"],"failureMessages":[],"fullName":"nexus-dropdown should have the global class nexus-dropdown-container","location":null,"status":"passed","title":"should have the global class nexus-dropdown-container"},{"ancestorTitles":["nexus-dropdown"],"failureMessages":[],"fullName":"nexus-dropdown should have the global class nexus-dropdown-active","location":null,"status":"passed","title":"should have the global class nexus-dropdown-active"},{"ancestorTitles":["nexus-dropdown"],"failureMessages":[],"fullName":"nexus-dropdown does not contain global class when prop is false","location":null,"status":"passed","title":"does not contain global class when prop is false"},{"ancestorTitles":["nexus-dropdown"],"failureMessages":[],"fullName":"nexus-dropdown setTop is called when setDropdownTop @Method is invoked.","location":null,"status":"passed","title":"setTop is called when setDropdownTop @Method is invoked."},{"ancestorTitles":["nexus-dropdown"],"failureMessages":[],"fullName":"nexus-dropdown closed dropdown when click outside the dropdown","location":null,"status":"passed","title":"closed dropdown when click outside the dropdown"},{"ancestorTitles":["nexus-dropdown"],"failureMessages":[],"fullName":"nexus-dropdown call toggleDropDown onClick","location":null,"status":"passed","title":"call toggleDropDown onClick"},{"ancestorTitles":["nexus-dropdown"],"failureMessages":[],"fullName":"nexus-dropdown check if style attribute is added to the component","location":null,"status":"passed","title":"check if style attribute is added to the component"}],"endTime":1698852590857,"message":"","name":"/Users/bryanalanolson/Code/ui-nexus-design-system/packages/nexus/src/components/nexus-dropdown/nexus-dropdown.spec.ts","startTime":1698852587440,"status":"passed","summary":""},{"assertionResults":[{"ancestorTitles":["nexus-table"],"failureMessages":[],"fullName":"nexus-table should contain class","location":null,"status":"passed","title":"should contain class"},{"ancestorTitles":["nexus-table"],"failureMessages":[],"fullName":"nexus-table should contain table headers","location":null,"status":"passed","title":"should contain table headers"},{"ancestorTitles":["nexus-table"],"failureMessages":[],"fullName":"nexus-table should contain table rows","location":null,"status":"passed","title":"should contain table rows"},{"ancestorTitles":["nexus-table"],"failureMessages":[],"fullName":"nexus-table should not contain pagination","location":null,"status":"passed","title":"should not contain pagination"},{"ancestorTitles":["nexus-table"],"failureMessages":[],"fullName":"nexus-table should contain pagination","location":null,"status":"passed","title":"should contain pagination"},{"ancestorTitles":["nexus-table"],"failureMessages":[],"fullName":"nexus-table should not allow multiple row selection","location":null,"status":"passed","title":"should not allow multiple row selection"},{"ancestorTitles":["nexus-table"],"failureMessages":[],"fullName":"nexus-table should allow multiple row selection","location":null,"status":"passed","title":"should allow multiple row selection"},{"ancestorTitles":["nexus-table"],"failureMessages":[],"fullName":"nexus-table should sort column - ascending","location":null,"status":"passed","title":"should sort column - ascending"},{"ancestorTitles":["nexus-table"],"failureMessages":[],"fullName":"nexus-table should sort column - descending","location":null,"status":"passed","title":"should sort column - descending"},{"ancestorTitles":["nexus-table"],"failureMessages":[],"fullName":"nexus-table should reset column - neutral","location":null,"status":"passed","title":"should reset column - neutral"},{"ancestorTitles":["nexus-table"],"failureMessages":[],"fullName":"nexus-table should select all rows when multiple page","location":null,"status":"passed","title":"should select all rows when multiple page"},{"ancestorTitles":["nexus-table"],"failureMessages":[],"fullName":"nexus-table should select all rows when single page","location":null,"status":"passed","title":"should select all rows when single page"},{"ancestorTitles":["nexus-table"],"failureMessages":[],"fullName":"nexus-table should select single row","location":null,"status":"passed","title":"should select single row"},{"ancestorTitles":["nexus-table"],"failureMessages":[],"fullName":"nexus-table should unselect single row","location":null,"status":"passed","title":"should unselect single row"},{"ancestorTitles":["nexus-table"],"failureMessages":[],"fullName":"nexus-table should not contain element for page size label","location":null,"status":"passed","title":"should not contain element for page size label"},{"ancestorTitles":["nexus-table"],"failureMessages":[],"fullName":"nexus-table should contain class for page size label","location":null,"status":"passed","title":"should contain class for page size label"},{"ancestorTitles":["nexus-table"],"failureMessages":[],"fullName":"nexus-table should call rowSelect.emit function","location":null,"status":"passed","title":"should call rowSelect.emit function"},{"ancestorTitles":["nexus-table"],"failureMessages":[],"fullName":"nexus-table should sort column - ascending using custom sort function","location":null,"status":"passed","title":"should sort column - ascending using custom sort function"},{"ancestorTitles":["nexus-table"],"failureMessages":[],"fullName":"nexus-table should use custom cell renderer function","location":null,"status":"passed","title":"should use custom cell renderer function"},{"ancestorTitles":["nexus-table"],"failureMessages":[],"fullName":"nexus-table should contain maxheight for scroll","location":null,"status":"passed","title":"should contain maxheight for scroll"},{"ancestorTitles":["nexus-table"],"failureMessages":[],"fullName":"nexus-table should call onCurrentPageChangeHandler on pagination","location":null,"status":"passed","title":"should call onCurrentPageChangeHandler on pagination"},{"ancestorTitles":["nexus-table"],"failureMessages":[],"fullName":"nexus-table should sort column and call defaultSort function","location":null,"status":"passed","title":"should sort column and call defaultSort function"},{"ancestorTitles":["nexus-table"],"failureMessages":[],"fullName":"nexus-table should emit tableChangeEvent on pagination","location":null,"status":"passed","title":"should emit tableChangeEvent on pagination"},{"ancestorTitles":["nexus-table"],"failureMessages":[],"fullName":"nexus-table should contain attrid when passed","location":null,"status":"passed","title":"should contain attrid when passed"},{"ancestorTitles":["nexus-table"],"failureMessages":[],"fullName":"nexus-table should calculate max pagination when totalItems is passed","location":null,"status":"passed","title":"should calculate max pagination when totalItems is passed"},{"ancestorTitles":["nexus-table"],"failureMessages":[],"fullName":"nexus-table should contain nexus-table-custom class when type is custom","location":null,"status":"passed","title":"should contain nexus-table-custom class when type is custom"},{"ancestorTitles":["nexus-table"],"failureMessages":[],"fullName":"nexus-table should navigate to first page when negative value will be passed","location":null,"status":"passed","title":"should navigate to first page when negative value will be passed"},{"ancestorTitles":["nexus-table"],"failureMessages":[],"fullName":"nexus-table should navigate to the page you pass to currentPage","location":null,"status":"passed","title":"should navigate to the page you pass to currentPage"},{"ancestorTitles":["nexus-table"],"failureMessages":[],"fullName":"nexus-table should select last page when current page exceeded the max value","location":null,"status":"passed","title":"should select last page when current page exceeded the max value"},{"ancestorTitles":["nexus-table"],"failureMessages":[],"fullName":"nexus-table should select last page when current page is set to exceeded the max value","location":null,"status":"passed","title":"should select last page when current page is set to exceeded the max value"},{"ancestorTitles":["nexus-table"],"failureMessages":[],"fullName":"nexus-table should change number of elements on page","location":null,"status":"passed","title":"should change number of elements on page"},{"ancestorTitles":["nexus-table"],"failureMessages":[],"fullName":"nexus-table should change number of elements on page to not listed one","location":null,"status":"passed","title":"should change number of elements on page to not listed one"},{"ancestorTitles":["nexus-table"],"failureMessages":[],"fullName":"nexus-table should check all items on page","location":null,"status":"passed","title":"should check all items on page"},{"ancestorTitles":["nexus-table"],"failureMessages":[],"fullName":"nexus-table should not render PageSize Select","location":null,"status":"passed","title":"should not render PageSize Select"},{"ancestorTitles":["nexus-table"],"failureMessages":[],"fullName":"nexus-table should render PageSize Select","location":null,"status":"passed","title":"should render PageSize Select"},{"ancestorTitles":["nexus-table"],"failureMessages":[],"fullName":"nexus-table should emit emitPageChangeEvent on pagination","location":null,"status":"passed","title":"should emit emitPageChangeEvent on pagination"},{"ancestorTitles":["nexus-table"],"failureMessages":[],"fullName":"nexus-table should select fist page size if wrong PageSize is selected","location":null,"status":"passed","title":"should select fist page size if wrong PageSize is selected"},{"ancestorTitles":["nexus-table"],"failureMessages":[],"fullName":"nexus-table should not be selected when sort was changed","location":null,"status":"passed","title":"should not be selected when sort was changed"},{"ancestorTitles":["nexus-table"],"failureMessages":[],"fullName":"nexus-table when rows is null","location":null,"status":"passed","title":"when rows is null"},{"ancestorTitles":["nexus-table"],"failureMessages":[],"fullName":"nexus-table select all row when there is pagination of more than one page","location":null,"status":"passed","title":"select all row when there is pagination of more than one page"},{"ancestorTitles":["nexus-table"],"failureMessages":[],"fullName":"nexus-table pagination without page size select","location":null,"status":"passed","title":"pagination without page size select"}],"endTime":1698852591503,"message":"","name":"/Users/bryanalanolson/Code/ui-nexus-design-system/packages/nexus/src/components/nexus-table/nexus-table.spec.tsx","startTime":1698852578393,"status":"passed","summary":""},{"assertionResults":[{"ancestorTitles":["nexus-tree"],"failureMessages":[],"fullName":"nexus-tree renders","location":null,"status":"passed","title":"renders"}],"endTime":1698852592486,"message":"","name":"/Users/bryanalanolson/Code/ui-nexus-design-system/packages/nexus/src/components/nexus-tree/nexus-tree.e2e.tsx","startTime":1698852589490,"status":"passed","summary":""},{"assertionResults":[{"ancestorTitles":["nexus-header"],"failureMessages":[],"fullName":"nexus-header renders","location":null,"status":"passed","title":"renders"}],"endTime":1698852592636,"message":"","name":"/Users/bryanalanolson/Code/ui-nexus-design-system/packages/nexus/src/components/nexus-header/nexus-header.e2e.tsx","startTime":1698852589361,"status":"passed","summary":""},{"assertionResults":[{"ancestorTitles":["nexus-chip"],"failureMessages":[],"fullName":"nexus-chip builds","location":null,"status":"passed","title":"builds"},{"ancestorTitles":["nexus-chip"],"failureMessages":[],"fullName":"nexus-chip should have the global class","location":null,"status":"passed","title":"should have the global class"},{"ancestorTitles":["nexus-chip"],"failureMessages":[],"fullName":"nexus-chip should add the success attribute","location":null,"status":"passed","title":"should add the success attribute"},{"ancestorTitles":["nexus-chip"],"failureMessages":[],"fullName":"nexus-chip should add the removable attribute","location":null,"status":"passed","title":"should add the removable attribute"},{"ancestorTitles":["nexus-chip"],"failureMessages":[],"fullName":"nexus-chip emits triggerRemovableClick onclick of removable icon","location":null,"status":"passed","title":"emits triggerRemovableClick onclick of removable icon"}],"endTime":1698852592954,"message":"","name":"/Users/bryanalanolson/Code/ui-nexus-design-system/packages/nexus/src/components/nexus-chip/nexus-chip.spec.ts","startTime":1698852590299,"status":"passed","summary":""},{"assertionResults":[{"ancestorTitles":["nexus-search-list"],"failureMessages":[],"fullName":"nexus-search-list builds","location":null,"status":"passed","title":"builds"}],"endTime":1698852593093,"message":"","name":"/Users/bryanalanolson/Code/ui-nexus-design-system/packages/nexus/src/components/nexus-search/nexus-search-list/nexus-search-list.spec.ts","startTime":1698852590746,"status":"passed","summary":""},{"assertionResults":[{"ancestorTitles":["nexus-badge"],"failureMessages":[],"fullName":"nexus-badge renders","location":null,"status":"passed","title":"renders"}],"endTime":1698852593169,"message":"","name":"/Users/bryanalanolson/Code/ui-nexus-design-system/packages/nexus/src/components/nexus-badge/nexus-badge.e2e.tsx","startTime":1698852590273,"status":"passed","summary":""},{"assertionResults":[{"ancestorTitles":["nexus-file-upload"],"failureMessages":[],"fullName":"nexus-file-upload should have class","location":null,"status":"passed","title":"should have class"},{"ancestorTitles":["nexus-file-upload"],"failureMessages":[],"fullName":"nexus-file-upload should set the multiple attribute","location":null,"status":"passed","title":"should set the multiple attribute"},{"ancestorTitles":["nexus-file-upload"],"failureMessages":[],"fullName":"nexus-file-upload should set the disabled attribute","location":null,"status":"passed","title":"should set the disabled attribute"},{"ancestorTitles":["nexus-file-upload"],"failureMessages":[],"fullName":"nexus-file-upload should set the required attribute","location":null,"status":"passed","title":"should set the required attribute"},{"ancestorTitles":["nexus-file-upload"],"failureMessages":[],"fullName":"nexus-file-upload should set a default id if none exists","location":null,"status":"passed","title":"should set a default id if none exists"},{"ancestorTitles":["nexus-file-upload"],"failureMessages":[],"fullName":"nexus-file-upload should overwrite default id if one exists","location":null,"status":"passed","title":"should overwrite default id if one exists"},{"ancestorTitles":["nexus-file-upload"],"failureMessages":[],"fullName":"nexus-file-upload should add and remove classes on drag events","location":null,"status":"passed","title":"should add and remove classes on drag events"},{"ancestorTitles":["nexus-file-upload"],"failureMessages":[],"fullName":"nexus-file-upload should dispatch the change event","location":null,"status":"passed","title":"should dispatch the change event"}],"endTime":1698852593385,"message":"","name":"/Users/bryanalanolson/Code/ui-nexus-design-system/packages/nexus/src/components/nexus-file-upload/nexus-file-upload.spec.ts","startTime":1698852590446,"status":"passed","summary":""},{"assertionResults":[{"ancestorTitles":["nexus-stepper-item"],"failureMessages":[],"fullName":"nexus-stepper-item renders","location":null,"status":"passed","title":"renders"}],"endTime":1698852593887,"message":"","name":"/Users/bryanalanolson/Code/ui-nexus-design-system/packages/nexus/src/components/nexus-stepper/nexus-stepper-item/nexus-stepper-item.e2e.tsx","startTime":1698852590868,"status":"passed","summary":""},{"assertionResults":[{"ancestorTitles":["nexus-tree-content"],"failureMessages":[],"fullName":"nexus-tree-content renders","location":null,"status":"passed","title":"renders"}],"endTime":1698852594644,"message":"","name":"/Users/bryanalanolson/Code/ui-nexus-design-system/packages/nexus/src/components/nexus-tree/nexus-tree-content/nexus-tree-content.e2e.tsx","startTime":1698852591541,"status":"passed","summary":""},{"assertionResults":[{"ancestorTitles":["nexus-header-logo"],"failureMessages":[],"fullName":"nexus-header-logo renders","location":null,"status":"passed","title":"renders"}],"endTime":1698852594968,"message":"","name":"/Users/bryanalanolson/Code/ui-nexus-design-system/packages/nexus/src/components/nexus-header/nexus-header-logo/nexus-header-logo.e2e.tsx","startTime":1698852592495,"status":"passed","summary":""},{"assertionResults":[{"ancestorTitles":["nexus-notification"],"failureMessages":[],"fullName":"nexus-notification renders","location":null,"status":"passed","title":"renders"}],"endTime":1698852595089,"message":"","name":"/Users/bryanalanolson/Code/ui-nexus-design-system/packages/nexus/src/components/nexus-notification/nexus-notification.e2e.tsx","startTime":1698852592647,"status":"passed","summary":""},{"assertionResults":[{"ancestorTitles":["nexus-card-header-details"],"failureMessages":[],"fullName":"nexus-card-header-details renders","location":null,"status":"passed","title":"renders"}],"endTime":1698852595617,"message":"","name":"/Users/bryanalanolson/Code/ui-nexus-design-system/packages/nexus/src/components/nexus-card/nexus-card-header/nexus-card-header-details/nexus-card-header-details.e2e.tsx","startTime":1698852593112,"status":"passed","summary":""},{"assertionResults":[{"ancestorTitles":["nexus-card-body"],"failureMessages":[],"fullName":"nexus-card-body renders","location":null,"status":"passed","title":"renders"}],"endTime":1698852595636,"message":"","name":"/Users/bryanalanolson/Code/ui-nexus-design-system/packages/nexus/src/components/nexus-card/nexus-card-body/nexus-card-body.e2e.tsx","startTime":1698852592963,"status":"passed","summary":""},{"assertionResults":[{"ancestorTitles":["nexus-loader class"],"failureMessages":[],"fullName":"nexus-loader class should contain class","location":null,"status":"passed","title":"should contain class"},{"ancestorTitles":["nexus-loader class"],"failureMessages":[],"fullName":"nexus-loader class should show/hide based on show property","location":null,"status":"passed","title":"should show/hide based on show property"},{"ancestorTitles":["nexus-loader class"],"failureMessages":[],"fullName":"nexus-loader class should render correctly with fullscreen prop","location":null,"status":"passed","title":"should render correctly with fullscreen prop"}],"endTime":1698852595862,"message":"","name":"/Users/bryanalanolson/Code/ui-nexus-design-system/packages/nexus/src/components/nexus-loader/nexus-loader.spec.ts","startTime":1698852593400,"status":"passed","summary":""},{"assertionResults":[{"ancestorTitles":["nexus-radio"],"failureMessages":[],"fullName":"nexus-radio should have the global class","location":null,"status":"passed","title":"should have the global class"},{"ancestorTitles":["nexus-radio"],"failureMessages":[],"fullName":"nexus-radio should set the name","location":null,"status":"passed","title":"should set the name"},{"ancestorTitles":["nexus-radio"],"failureMessages":[],"fullName":"nexus-radio should set the id","location":null,"status":"passed","title":"should set the id"},{"ancestorTitles":["nexus-radio"],"failureMessages":[],"fullName":"nexus-radio should set the value","location":null,"status":"passed","title":"should set the value"},{"ancestorTitles":["nexus-radio"],"failureMessages":[],"fullName":"nexus-radio should set the checked state","location":null,"status":"passed","title":"should set the checked state"},{"ancestorTitles":["nexus-radio"],"failureMessages":[],"fullName":"nexus-radio should set the required state","location":null,"status":"passed","title":"should set the required state"},{"ancestorTitles":["nexus-radio"],"failureMessages":[],"fullName":"nexus-radio should set the disabled state","location":null,"status":"passed","title":"should set the disabled state"}],"endTime":1698852595944,"message":"","name":"/Users/bryanalanolson/Code/ui-nexus-design-system/packages/nexus/src/components/nexus-radio/nexus-radio.spec.ts","startTime":1698852593195,"status":"passed","summary":""},{"assertionResults":[{"ancestorTitles":["nexus-header"],"failureMessages":[],"fullName":"nexus-header builds","location":null,"status":"passed","title":"builds"},{"ancestorTitles":["nexus-header"],"failureMessages":[],"fullName":"nexus-header should have class","location":null,"status":"passed","title":"should have class"}],"endTime":1698852596205,"message":"","name":"/Users/bryanalanolson/Code/ui-nexus-design-system/packages/nexus/src/components/nexus-header/nexus-header-logo/nexus-header-logo.spec.ts","startTime":1698852593897,"status":"passed","summary":""},{"assertionResults":[{"ancestorTitles":["nexus-breadcrumb"],"failureMessages":[],"fullName":"nexus-breadcrumb renders","location":null,"status":"passed","title":"renders"}],"endTime":1698852596846,"message":"","name":"/Users/bryanalanolson/Code/ui-nexus-design-system/packages/nexus/src/components/nexus-breadcrumb/nexus-breadcrumb.e2e.tsx","startTime":1698852594652,"status":"passed","summary":""},{"assertionResults":[{"ancestorTitles":["nexus-tab-bar"],"failureMessages":[],"fullName":"nexus-tab-bar renders","location":null,"status":"passed","title":"renders"}],"endTime":1698852597248,"message":"","name":"/Users/bryanalanolson/Code/ui-nexus-design-system/packages/nexus/src/components/nexus-tab-bar/nexus-tab-bar.e2e.tsx","startTime":1698852594991,"status":"passed","summary":""},{"assertionResults":[{"ancestorTitles":["nexus-card-header"],"failureMessages":[],"fullName":"nexus-card-header renders","location":null,"status":"passed","title":"renders"}],"endTime":1698852597460,"message":"","name":"/Users/bryanalanolson/Code/ui-nexus-design-system/packages/nexus/src/components/nexus-card/nexus-card-header/nexus-card-header.e2e.tsx","startTime":1698852595114,"status":"passed","summary":""},{"assertionResults":[{"ancestorTitles":["nexus-modal-header"],"failureMessages":[],"fullName":"nexus-modal-header should contain class","location":null,"status":"passed","title":"should contain class"},{"ancestorTitles":["nexus-modal-header"],"failureMessages":[],"fullName":"nexus-modal-header should emit a close event","location":null,"status":"passed","title":"should emit a close event"}],"endTime":1698852597855,"message":"","name":"/Users/bryanalanolson/Code/ui-nexus-design-system/packages/nexus/src/components/nexus-modal/nexus-modal-header/nexus-modal-header.spec.ts","startTime":1698852595645,"status":"passed","summary":""},{"assertionResults":[{"ancestorTitles":["nexus-card-avatar"],"failureMessages":[],"fullName":"nexus-card-avatar renders","location":null,"status":"passed","title":"renders"}],"endTime":1698852598097,"message":"","name":"/Users/bryanalanolson/Code/ui-nexus-design-system/packages/nexus/src/components/nexus-card/nexus-card-avatar/nexus-card-avatar.e2e.tsx","startTime":1698852595642,"status":"passed","summary":""},{"assertionResults":[{"ancestorTitles":["nexus-footer-column"],"failureMessages":[],"fullName":"nexus-footer-column renders","location":null,"status":"passed","title":"renders"}],"endTime":1698852598515,"message":"","name":"/Users/bryanalanolson/Code/ui-nexus-design-system/packages/nexus/src/components/nexus-footer/nexus-footer-column/nexus-footer-column.e2e.tsx","startTime":1698852595873,"status":"passed","summary":""},{"assertionResults":[{"ancestorTitles":["nexus-carousel-item"],"failureMessages":[],"fullName":"nexus-carousel-item builds","location":null,"status":"passed","title":"builds"}],"endTime":1698852598562,"message":"","name":"/Users/bryanalanolson/Code/ui-nexus-design-system/packages/nexus/src/components/nexus-carousel/nexus-carousel-item/nexus-carousel-item.spec.ts","startTime":1698852595954,"status":"passed","summary":""},{"assertionResults":[{"ancestorTitles":["nexus-modal-body"],"failureMessages":[],"fullName":"nexus-modal-body renders","location":null,"status":"passed","title":"renders"}],"endTime":1698852598837,"message":"","name":"/Users/bryanalanolson/Code/ui-nexus-design-system/packages/nexus/src/components/nexus-modal/nexus-modal-body/nexus-modal-body.e2e.tsx","startTime":1698852596215,"status":"passed","summary":""},{"assertionResults":[{"ancestorTitles":["nexus-tree"],"failureMessages":[],"fullName":"nexus-tree should have class","location":null,"status":"passed","title":"should have class"},{"ancestorTitles":["nexus-tree"],"failureMessages":[],"fullName":"nexus-tree should expand the tree content","location":null,"status":"passed","title":"should expand the tree content"},{"ancestorTitles":["nexus-tree"],"failureMessages":[],"fullName":"nexus-tree should collapse the tree content","location":null,"status":"passed","title":"should collapse the tree content"}],"endTime":1698852599141,"message":"","name":"/Users/bryanalanolson/Code/ui-nexus-design-system/packages/nexus/src/components/nexus-tree/nexus-tree.spec.ts","startTime":1698852596856,"status":"passed","summary":""},{"assertionResults":[{"ancestorTitles":["nexus-card-header-title"],"failureMessages":[],"fullName":"nexus-card-header-title renders","location":null,"status":"passed","title":"renders"}],"endTime":1698852599445,"message":"","name":"/Users/bryanalanolson/Code/ui-nexus-design-system/packages/nexus/src/components/nexus-card/nexus-card-header/nexus-card-header-title/nexus-card-header-title.e2e.tsx","startTime":1698852597257,"status":"passed","summary":""},{"assertionResults":[{"ancestorTitles":["nexus-error-message"],"failureMessages":[],"fullName":"nexus-error-message renders","location":null,"status":"passed","title":"renders"}],"endTime":1698852599797,"message":"","name":"/Users/bryanalanolson/Code/ui-nexus-design-system/packages/nexus/src/components/nexus-error-message/nexus-error-message.e2e.tsx","startTime":1698852597467,"status":"passed","summary":""},{"assertionResults":[{"ancestorTitles":["nexus-carousel-item"],"failureMessages":[],"fullName":"nexus-carousel-item renders","location":null,"status":"passed","title":"renders"}],"endTime":1698852600493,"message":"","name":"/Users/bryanalanolson/Code/ui-nexus-design-system/packages/nexus/src/components/nexus-carousel/nexus-carousel-item/nexus-carousel-item.e2e.tsx","startTime":1698852597892,"status":"passed","summary":""},{"assertionResults":[{"ancestorTitles":["nexus-tooltip-trigger"],"failureMessages":[],"fullName":"nexus-tooltip-trigger renders","location":null,"status":"passed","title":"renders"}],"endTime":1698852600646,"message":"","name":"/Users/bryanalanolson/Code/ui-nexus-design-system/packages/nexus/src/components/nexus-tooltip/nexus-tooltip-trigger/nexus-tooltip-trigger.e2e.tsx","startTime":1698852598104,"status":"passed","summary":""},{"assertionResults":[{"ancestorTitles":["nexus-chip-group"],"failureMessages":[],"fullName":"nexus-chip-group renders","location":null,"status":"passed","title":"renders"}],"endTime":1698852600938,"message":"","name":"/Users/bryanalanolson/Code/ui-nexus-design-system/packages/nexus/src/components/nexus-chip-group/nexus-chip-group.e2e.tsx","startTime":1698852598845,"status":"passed","summary":""},{"assertionResults":[{"ancestorTitles":["nexus-footer-bottom"],"failureMessages":[],"fullName":"nexus-footer-bottom renders","location":null,"status":"passed","title":"renders"}],"endTime":1698852600949,"message":"","name":"/Users/bryanalanolson/Code/ui-nexus-design-system/packages/nexus/src/components/nexus-footer/nexus-footer-bottom/nexus-footer-bottom.e2e.tsx","startTime":1698852598540,"status":"passed","summary":""},{"assertionResults":[{"ancestorTitles":["nexus-breadcrumb-item"],"failureMessages":[],"fullName":"nexus-breadcrumb-item renders","location":null,"status":"passed","title":"renders"}],"endTime":1698852600952,"message":"","name":"/Users/bryanalanolson/Code/ui-nexus-design-system/packages/nexus/src/components/nexus-breadcrumb/nexus-breadcrumb-item/nexus-breadcrumb-item.e2e.tsx","startTime":1698852598590,"status":"passed","summary":""},{"assertionResults":[{"ancestorTitles":["nexus-card-body"],"failureMessages":[],"fullName":"nexus-card-body should contain class","location":null,"status":"passed","title":"should contain class"}],"endTime":1698852601336,"message":"","name":"/Users/bryanalanolson/Code/ui-nexus-design-system/packages/nexus/src/components/nexus-card/nexus-card-body/nexus-card-body.spec.ts","startTime":1698852599453,"status":"passed","summary":""},{"assertionResults":[{"ancestorTitles":["nexus-accordion"],"failureMessages":[],"fullName":"nexus-accordion should contain class","location":null,"status":"passed","title":"should contain class"},{"ancestorTitles":["nexus-accordion"],"failureMessages":[],"fullName":"nexus-accordion should handle the toggle event","location":null,"status":"passed","title":"should handle the toggle event"},{"ancestorTitles":["nexus-accordion"],"failureMessages":[],"fullName":"nexus-accordion should call collapse() on click if open is false","location":null,"status":"passed","title":"should call collapse() on click if open is false"},{"ancestorTitles":["nexus-accordion"],"failureMessages":[],"fullName":"nexus-accordion should call expand() on click if open is false","location":null,"status":"passed","title":"should call expand() on click if open is false"}],"endTime":1698852601547,"message":"","name":"/Users/bryanalanolson/Code/ui-nexus-design-system/packages/nexus/src/components/nexus-accordion/nexus-accordion.spec.ts","startTime":1698852599150,"status":"passed","summary":""},{"assertionResults":[{"ancestorTitles":["nexus-footer-content"],"failureMessages":[],"fullName":"nexus-footer-content builds","location":null,"status":"passed","title":"builds"}],"endTime":1698852601795,"message":"","name":"/Users/bryanalanolson/Code/ui-nexus-design-system/packages/nexus/src/components/nexus-footer/nexus-footer-column/nexus-footer-content/nexus-footer-content.spec.ts","startTime":1698852599805,"status":"passed","summary":""},{"assertionResults":[{"ancestorTitles":["nexus-option"],"failureMessages":[],"fullName":"nexus-option renders","location":null,"status":"passed","title":"renders"}],"endTime":1698852602494,"message":"","name":"/Users/bryanalanolson/Code/ui-nexus-design-system/packages/nexus/src/components/nexus-option/nexus-option.e2e.tsx","startTime":1698852600507,"status":"passed","summary":""},{"assertionResults":[{"ancestorTitles":["nexus-progress-bar-label"],"failureMessages":[],"fullName":"nexus-progress-bar-label renders","location":null,"status":"passed","title":"renders"}],"endTime":1698852602886,"message":"","name":"/Users/bryanalanolson/Code/ui-nexus-design-system/packages/nexus/src/components/nexus-progress-bar/nexus-progress-bar-label/nexus-progress-bar-label.e2e.tsx","startTime":1698852600656,"status":"passed","summary":""},{"assertionResults":[{"ancestorTitles":["nexus-search"],"failureMessages":[],"fullName":"nexus-search renders","location":null,"status":"passed","title":"renders"}],"endTime":1698852602938,"message":"","name":"/Users/bryanalanolson/Code/ui-nexus-design-system/packages/nexus/src/components/nexus-search/nexus-search.e2e.tsx","startTime":1698852600958,"status":"passed","summary":""},{"assertionResults":[{"ancestorTitles":["nexus-card-header-subtitle"],"failureMessages":[],"fullName":"nexus-card-header-subtitle renders","location":null,"status":"passed","title":"renders"}],"endTime":1698852603114,"message":"","name":"/Users/bryanalanolson/Code/ui-nexus-design-system/packages/nexus/src/components/nexus-card/nexus-card-header/nexus-card-header-subtitle/nexus-card-header-subtitle.e2e.tsx","startTime":1698852600960,"status":"passed","summary":""},{"assertionResults":[{"ancestorTitles":["nexus-accordion"],"failureMessages":[],"fullName":"nexus-accordion renders","location":null,"status":"passed","title":"renders"}],"endTime":1698852603315,"message":"","name":"/Users/bryanalanolson/Code/ui-nexus-design-system/packages/nexus/src/components/nexus-accordion/nexus-accordion.e2e.tsx","startTime":1698852600953,"status":"passed","summary":""},{"assertionResults":[{"ancestorTitles":["nexus-icon"],"failureMessages":[],"fullName":"nexus-icon should contain class","location":null,"status":"passed","title":"should contain class"},{"ancestorTitles":["nexus-icon"],"failureMessages":[],"fullName":"nexus-icon should return file contents","location":null,"status":"passed","title":"should return file contents"},{"ancestorTitles":["nexus-icon"],"failureMessages":[],"fullName":"nexus-icon should render direct svg contents","location":null,"status":"passed","title":"should render direct svg contents"},{"ancestorTitles":["nexus-icon"],"failureMessages":[],"fullName":"nexus-icon should catch errors for incorrect path","location":null,"status":"passed","title":"should catch errors for incorrect path"},{"ancestorTitles":["nexus-icon"],"failureMessages":[],"fullName":"nexus-icon should render img upon setting the type as \"img\"","location":null,"status":"passed","title":"should render img upon setting the type as \"img\""}],"endTime":1698852603800,"message":"","name":"/Users/bryanalanolson/Code/ui-nexus-design-system/packages/nexus/src/components/nexus-icon/nexus-icon.spec.ts","startTime":1698852601361,"status":"passed","summary":""},{"assertionResults":[{"ancestorTitles":["nexus-loader"],"failureMessages":[],"fullName":"nexus-loader renders","location":null,"status":"passed","title":"renders"}],"endTime":1698852603869,"message":"","name":"/Users/bryanalanolson/Code/ui-nexus-design-system/packages/nexus/src/components/nexus-loader/nexus-loader.e2e.tsx","startTime":1698852601566,"status":"passed","summary":""},{"assertionResults":[{"ancestorTitles":["nexus-tree-trigger"],"failureMessages":[],"fullName":"nexus-tree-trigger should have class","location":null,"status":"passed","title":"should have class"}],"endTime":1698852604088,"message":"","name":"/Users/bryanalanolson/Code/ui-nexus-design-system/packages/nexus/src/components/nexus-tree/nexus-tree-trigger/nexus-tree-trigger.spec.ts","startTime":1698852601818,"status":"passed","summary":""},{"assertionResults":[{"ancestorTitles":["NexusTextarea"],"failureMessages":[],"fullName":"NexusTextarea should contain class","location":null,"status":"passed","title":"should contain class"},{"ancestorTitles":["NexusTextarea"],"failureMessages":[],"fullName":"NexusTextarea should set a default id if none exists","location":null,"status":"passed","title":"should set a default id if none exists"},{"ancestorTitles":["NexusTextarea"],"failureMessages":[],"fullName":"NexusTextarea should set a default id on multiple textareas if none exists","location":null,"status":"passed","title":"should set a default id on multiple textareas if none exists"},{"ancestorTitles":["NexusTextarea"],"failureMessages":[],"fullName":"NexusTextarea should overwrite default id if one exists","location":null,"status":"passed","title":"should overwrite default id if one exists"},{"ancestorTitles":["NexusTextarea"],"failureMessages":[],"fullName":"NexusTextarea should set the maxlength attribute","location":null,"status":"passed","title":"should set the maxlength attribute"},{"ancestorTitles":["NexusTextarea"],"failureMessages":[],"fullName":"NexusTextarea should set the minlength ","location":null,"status":"passed","title":"should set the minlength "},{"ancestorTitles":["NexusTextarea"],"failureMessages":[],"fullName":"NexusTextarea should set the disabled attribute","location":null,"status":"passed","title":"should set the disabled attribute"},{"ancestorTitles":["NexusTextarea"],"failureMessages":[],"fullName":"NexusTextarea should emit the change event on input","location":null,"status":"passed","title":"should emit the change event on input"},{"ancestorTitles":["NexusTextarea"],"failureMessages":[],"fullName":"NexusTextarea should set the placeholder attribute","location":null,"status":"passed","title":"should set the placeholder attribute"},{"ancestorTitles":["NexusTextarea"],"failureMessages":[],"fullName":"NexusTextarea should set the required attribute","location":null,"status":"passed","title":"should set the required attribute"},{"ancestorTitles":["NexusTextarea"],"failureMessages":[],"fullName":"NexusTextarea should set the disabled attribute","location":null,"status":"passed","title":"should set the disabled attribute"}],"endTime":1698852604761,"message":"","name":"/Users/bryanalanolson/Code/ui-nexus-design-system/packages/nexus/src/components/nexus-textarea/nexus-textarea.spec.ts","startTime":1698852602502,"status":"passed","summary":""},{"assertionResults":[{"ancestorTitles":["nexus-checkbox"],"failureMessages":[],"fullName":"nexus-checkbox renders","location":null,"status":"passed","title":"renders"}],"endTime":1698852605115,"message":"","name":"/Users/bryanalanolson/Code/ui-nexus-design-system/packages/nexus/src/components/nexus-checkbox/nexus-checkbox.e2e.tsx","startTime":1698852602950,"status":"passed","summary":""},{"assertionResults":[{"ancestorTitles":["nexus-option"],"failureMessages":[],"fullName":"nexus-option builds","location":null,"status":"passed","title":"builds"},{"ancestorTitles":["nexus-option"],"failureMessages":[],"fullName":"nexus-option should contain class","location":null,"status":"passed","title":"should contain class"},{"ancestorTitles":["nexus-option"],"failureMessages":[],"fullName":"nexus-option should contain class for disabled","location":null,"status":"passed","title":"should contain class for disabled"},{"ancestorTitles":["nexus-option"],"failureMessages":[],"fullName":"nexus-option should contain class for selected","location":null,"status":"passed","title":"should contain class for selected"},{"ancestorTitles":["nexus-option"],"failureMessages":[],"fullName":"nexus-option should contain class for keyhover","location":null,"status":"passed","title":"should contain class for keyhover"},{"ancestorTitles":["nexus-option"],"failureMessages":[],"fullName":"nexus-option triggers handleSelectedOption onclick","location":null,"status":"passed","title":"triggers handleSelectedOption onclick"},{"ancestorTitles":["nexus-option"],"failureMessages":[],"fullName":"nexus-option triggers handleSelectedOption onclick for option with checkbo
[...]
:14,"column":6}},"2":{"start":{"line":3,"column":0},"end":{"line":3,"column":null}}},"fnMap":{"0":{"name":"(anonymous_1)","decl":{"start":{"line":9,"column":2},"end":{"line":9,"column":8}},"loc":{"start":{"line":9,"column":8},"end":{"line":15,"column":3}}}},"branchMap":{},"s":{"0":1,"1":1,"2":1},"f":{"0":1},"b":{}},"/Users/bryanalanolson/Code/ui-nexus-design-system/packages/nexus/src/components/nexus-breadcrumb/nexus-breadcrumb-item/nexus-breadcrumb-item.tsx":{"path":"/Users/bryanalanolson/Code/ui-nexus-design-system/packages/nexus/src/components/nexus-breadcrumb/nexus-breadcrumb-item/nexus-breadcrumb-item.tsx","statementMap":{"0":{"start":{"line":1,"column":0},"end":{"line":1,"column":57}},"1":{"start":{"line":12,"column":27},"end":{"line":12,"column":53}},"2":{"start":{"line":15,"column":4},"end":{"line":26,"column":6}},"3":{"start":{"line":3,"column":0},"end":{"line":3,"column":null}}},"fnMap":{"0":{"name":"(anonymous_0)","decl":{"start":{"line":3,"column":0},"end":{"line":3,"column":null}},"loc":{"start":{"line":3,"column":0},"end":{"line":28,"column":null}}},"1":{"name":"(anonymous_1)","decl":{"start":{"line":14,"column":2},"end":{"line":14,"column":8}},"loc":{"start":{"line":14,"column":8},"end":{"line":27,"column":3}}}},"branchMap":{},"s":{"0":2,"1":9,"2":7,"3":2},"f":{"0":9,"1":7},"b":{}},"/Users/bryanalanolson/Code/ui-nexus-design-system/packages/nexus/src/components/nexus-breadcrumb/nexus-breadcrumb.tsx":{"path":"/Users/bryanalanolson/Code/ui-nexus-design-system/packages/nexus/src/components/nexus-breadcrumb/nexus-breadcrumb.tsx","statementMap":{"0":{"start":{"line":1,"column":0},"end":{"line":1,"column":66}},"1":{"start":{"line":13,"column":27},"end":{"line":13,"column":51}},"2":{"start":{"line":16,"column":25},"end":{"line":16,"column":97}},"3":{"start":{"line":17,"column":4},"end":{"line":20,"column":7}},"4":{"start":{"line":18,"column":22},"end":{"line":18,"column":56}},"5":{"start":{"line":19,"column":6},"end":{"line":19,"column":44}},"6":{"start":{"line":24,"column":4},"end":{"line":24,"column":34}},"7":{"start":{"line":28,"column":4},"end":{"line":34,"column":6}},"8":{"start":{"line":3,"column":0},"end":{"line":3,"column":null}}},"fnMap":{"0":{"name":"(anonymous_0)","decl":{"start":{"line":3,"column":0},"end":{"line":3,"column":null}},"loc":{"start":{"line":3,"column":0},"end":{"line":36,"column":null}}},"1":{"name":"(anonymous_1)","decl":{"start":{"line":15,"column":2},"end":{"line":15,"column":24}},"loc":{"start":{"line":15,"column":24},"end":{"line":21,"column":3}}},"2":{"name":"(anonymous_2)","decl":{"start":{"line":17,"column":55},"end":{"line":17,"column":56}},"loc":{"start":{"line":17,"column":65},"end":{"line":20,"column":5}}},"3":{"name":"(anonymous_3)","decl":{"start":{"line":23,"column":2},"end":{"line":23,"column":18}},"loc":{"start":{"line":23,"column":18},"end":{"line":25,"column":3}}},"4":{"name":"(anonymous_4)","decl":{"start":{"line":27,"column":2},"end":{"line":27,"column":8}},"loc":{"start":{"line":27,"column":8},"end":{"line":35,"column":3}}}},"branchMap":{},"s":{"0":1,"1":5,"2":4,"3":4,"4":1,"5":1,"6":4,"7":4,"8":1},"f":{"0":5,"1":4,"2":1,"3":4,"4":4},"b":{}},"/Users/bryanalanolson/Code/ui-nexus-design-system/packages/nexus/src/components/nexus-card/nexus-card-header/nexus-card-header-subtitle/nexus-card-header-subtitle.tsx":{"path":"/Users/bryanalanolson/Code/ui-nexus-design-system/packages/nexus/src/components/nexus-card/nexus-card-header/nexus-card-header-subtitle/nexus-card-header-subtitle.tsx","statementMap":{"0":{"start":{"line":1,"column":0},"end":{"line":1,"column":51}},"1":{"start":{"line":10,"column":4},"end":{"line":14,"column":6}},"2":{"start":{"line":3,"column":0},"end":{"line":3,"column":null}}},"fnMap":{"0":{"name":"(anonymous_1)","decl":{"start":{"line":9,"column":2},"end":{"line":9,"column":8}},"loc":{"start":{"line":9,"column":8},"end":{"line":15,"column":3}}}},"branchMap":{},"s":{"0":1,"1":1,"2":1},"f":{"0":1},"b":{}},"/Users/bryanalanolson/Code/ui-nexus-design-system/packages/nexus/src/components/nexus-badge/nexus-badge.tsx":{"path":"/Users/bryanalanolson/Code/ui-nexus-design-system/packages/nexus/src/components/nexus-badge/nexus-badge.tsx","statementMap":{"0":{"start":{"line":1,"column":0},"end":{"line":1,"column":73}},"1":{"start":{"line":13,"column":10},"end":{"line":13,"column":35}},"2":{"start":{"line":18,"column":10},"end":{"line":18,"column":43}},"3":{"start":{"line":20,"column":11},"end":{"line":20,"column":39}},"4":{"start":{"line":25,"column":17},"end":{"line":25,"column":78}},"5":{"start":{"line":26,"column":4},"end":{"line":26,"column":57}},"6":{"start":{"line":30,"column":4},"end":{"line":43,"column":6}},"7":{"start":{"line":4,"column":0},"end":{"line":4,"column":null}}},"fnMap":{"0":{"name":"(anonymous_0)","decl":{"start":{"line":4,"column":0},"end":{"line":4,"column":null}},"loc":{"start":{"line":4,"column":0},"end":{"line":45,"column":null}}},"1":{"name":"(anonymous_1)","decl":{"start":{"line":24,"column":2},"end":{"line":24,"column":18}},"loc":{"start":{"line":24,"column":18},"end":{"line":27,"column":3}}},"2":{"name":"(anonymous_2)","decl":{"start":{"line":29,"column":2},"end":{"line":29,"column":8}},"loc":{"start":{"line":29,"column":8},"end":{"line":44,"column":3}}}},"branchMap":{"0":{"loc":{"start":{"line":26,"column":30},"end":{"line":26,"column":55}},"type":"cond-expr","locations":[{"start":{"line":26,"column":47},"end":{"line":26,"column":49}},{"start":{"line":26,"column":47},"end":{"line":26,"column":55}}]},"1":{"loc":{"start":{"line":26,"column":30},"end":{"line":26,"column":49}},"type":"binary-expr","locations":[{"start":{"line":26,"column":30},"end":{"line":26,"column":49}},{"start":{"line":26,"column":47},"end":{"line":26,"column":49}}]},"2":{"loc":{"start":{"line":26,"column":30},"end":{"line":26,"column":47}},"type":"cond-expr","locations":[{"start":{"line":26,"column":34},"end":{"line":26,"column":36}},{"start":{"line":26,"column":30},"end":{"line":26,"column":47}}]},"3":{"loc":{"start":{"line":26,"column":30},"end":{"line":26,"column":36}},"type":"binary-expr","locations":[{"start":{"line":26,"column":30},"end":{"line":26,"column":36}},{"start":{"line":26,"column":30},"end":{"line":26,"column":36}}]}},"s":{"0":1,"1":2,"2":2,"3":2,"4":2,"5":2,"6":2,"7":1},"f":{"0":2,"1":2,"2":2},"b":{"0":[2,0],"1":[2,2],"2":[2,0],"3":[2,0]}},"/Users/bryanalanolson/Code/ui-nexus-design-system/packages/nexus/src/components/nexus-card/nexus-card-header/nexus-card-header-button/nexus-card-header-button.tsx":{"path":"/Users/bryanalanolson/Code/ui-nexus-design-system/packages/nexus/src/components/nexus-card/nexus-card-header/nexus-card-header-button/nexus-card-header-button.tsx","statementMap":{"0":{"start":{"line":1,"column":0},"end":{"line":1,"column":51}},"1":{"start":{"line":10,"column":4},"end":{"line":14,"column":6}},"2":{"start":{"line":3,"column":0},"end":{"line":3,"column":null}}},"fnMap":{"0":{"name":"(anonymous_1)","decl":{"start":{"line":9,"column":2},"end":{"line":9,"column":8}},"loc":{"start":{"line":9,"column":8},"end":{"line":15,"column":3}}}},"branchMap":{},"s":{"0":1,"1":1,"2":1},"f":{"0":1},"b":{}},"/Users/bryanalanolson/Code/ui-nexus-design-system/packages/nexus/src/components/nexus-modal/nexus-modal-footer/nexus-modal-footer.tsx":{"path":"/Users/bryanalanolson/Code/ui-nexus-design-system/packages/nexus/src/components/nexus-modal/nexus-modal-footer/nexus-modal-footer.tsx","statementMap":{"0":{"start":{"line":1,"column":0},"end":{"line":1,"column":51}},"1":{"start":{"line":10,"column":4},"end":{"line":14,"column":6}},"2":{"start":{"line":3,"column":0},"end":{"line":3,"column":null}}},"fnMap":{"0":{"name":"(anonymous_1)","decl":{"start":{"line":9,"column":2},"end":{"line":9,"column":8}},"loc":{"start":{"line":9,"column":8},"end":{"line":15,"column":3}}}},"branchMap":{},"s":{"0":1,"1":1,"2":1},"f":{"0":1},"b":{}},"/Users/bryanalanolson/Code/ui-nexus-design-system/packages/nexus/src/components/nexus-footer/nexus-footer-column/nexus-footer-content-title/nexus-footer-content-title.tsx":{"path":"/Users/bryanalanolson/Code/ui-nexus-design-system/packages/nexus/src/components/nexus-footer/nexus-footer-column/nexus-footer-content-title/nexus-footer-content-title.tsx","statementMap":{"0":{"start":{"line":1,"column":0},"end":{"line":1,"column":51}},"1":{"start":{"line":10,"column":4},"end":{"line":18,"column":6}},"2":{"start":{"line":3,"column":0},"end":{"line":3,"column":null}}},"fnMap":{"0":{"name":"(anonymous_1)","decl":{"start":{"line":9,"column":2},"end":{"line":9,"column":8}},"loc":{"start":{"line":9,"column":8},"end":{"line":19,"column":3}}}},"branchMap":{},"s":{"0":1,"1":1,"2":1},"f":{"0":1},"b":{}},"/Users/bryanalanolson/Code/ui-nexus-design-system/packages/nexus/src/components/nexus-header/nexus-header.tsx":{"path":"/Users/bryanalanolson/Code/ui-nexus-design-system/packages/nexus/src/components/nexus-header/nexus-header.tsx","statementMap":{"0":{"start":{"line":1,"column":0},"end":{"line":1,"column":51}},"1":{"start":{"line":10,"column":4},"end":{"line":18,"column":6}},"2":{"start":{"line":3,"column":0},"end":{"line":3,"column":null}}},"fnMap":{"0":{"name":"(anonymous_1)","decl":{"start":{"line":9,"column":2},"end":{"line":9,"column":8}},"loc":{"start":{"line":9,"column":8},"end":{"line":19,"column":3}}}},"branchMap":{},"s":{"0":1,"1":1,"2":1},"f":{"0":1},"b":{}},"/Users/bryanalanolson/Code/ui-nexus-design-system/packages/nexus/src/components/nexus-card/nexus-card-avatar/nexus-card-avatar.tsx":{"path":"/Users/bryanalanolson/Code/ui-nexus-design-system/packages/nexus/src/components/nexus-card/nexus-card-avatar/nexus-card-avatar.tsx","statementMap":{"0":{"start":{"line":1,"column":0},"end":{"line":1,"column":51}},"1":{"start":{"line":10,"column":4},"end":{"line":14,"column":6}},"2":{"start":{"line":3,"column":0},"end":{"line":3,"column":null}}},"fnMap":{"0":{"name":"(anonymous_1)","decl":{"start":{"line":9,"column":2},"end":{"line":9,"column":8}},"loc":{"start":{"line":9,"column":8},"end":{"line":15,"column":3}}}},"branchMap":{},"s":{"0":1,"1":1,"2":1},"f":{"0":1},"b":{}},"/Users/bryanalanolson/Code/ui-nexus-design-system/packages/nexus/src/components/nexus-card/nexus-card-header/nexus-card-header-details/nexus-card-header-details.tsx":{"path":"/Users/bryanalanolson/Code/ui-nexus-design-system/packages/nexus/src/components/nexus-card/nexus-card-header/nexus-card-header-details/nexus-card-header-details.tsx","statementMap":{"0":{"start":{"line":1,"column":0},"end":{"line":1,"column":51}},"1":{"start":{"line":10,"column":4},"end":{"line":14,"column":6}},"2":{"start":{"line":3,"column":0},"end":{"line":3,"column":null}}},"fnMap":{"0":{"name":"(anonymous_1)","decl":{"start":{"line":9,"column":2},"end":{"line":9,"column":8}},"loc":{"start":{"line":9,"column":8},"end":{"line":15,"column":3}}}},"branchMap":{},"s":{"0":1,"1":1,"2":1},"f":{"0":1},"b":{}},"/Users/bryanalanolson/Code/ui-nexus-design-system/packages/nexus/src/components/nexus-card/nexus-card-header/nexus-card-header.tsx":{"path":"/Users/bryanalanolson/Code/ui-nexus-design-system/packages/nexus/src/components/nexus-card/nexus-card-header/nexus-card-header.tsx","statementMap":{"0":{"start":{"line":1,"column":0},"end":{"line":1,"column":51}},"1":{"start":{"line":10,"column":4},"end":{"line":14,"column":6}},"2":{"start":{"line":3,"column":0},"end":{"line":3,"column":null}}},"fnMap":{"0":{"name":"(anonymous_1)","decl":{"start":{"line":9,"column":2},"end":{"line":9,"column":8}},"loc":{"start":{"line":9,"column":8},"end":{"line":15,"column":3}}}},"branchMap":{},"s":{"0":1,"1":1,"2":1},"f":{"0":1},"b":{}},"/Users/bryanalanolson/Code/ui-nexus-design-system/packages/nexus/src/components/nexus-menu/nexus-menu-item/nexus-menu-item.tsx":{"path":"/Users/bryanalanolson/Code/ui-nexus-design-system/packages/nexus/src/components/nexus-menu/nexus-menu-item/nexus-menu-item.tsx","statementMap":{"0":{"start":{"line":1,"column":0},"end":{"line":1,"column":51}},"1":{"start":{"line":10,"column":4},"end":{"line":16,"column":6}},"2":{"start":{"line":3,"column":0},"end":{"line":3,"column":null}}},"fnMap":{"0":{"name":"(anonymous_1)","decl":{"start":{"line":9,"column":2},"end":{"line":9,"column":8}},"loc":{"start":{"line":9,"column":8},"end":{"line":17,"column":3}}}},"branchMap":{},"s":{"0":1,"1":1,"2":1},"f":{"0":1},"b":{}},"/Users/bryanalanolson/Code/ui-nexus-design-system/packages/nexus/src/components/nexus-menu/nexus-menu.tsx":{"path":"/Users/bryanalanolson/Code/ui-nexus-design-system/packages/nexus/src/components/nexus-menu/nexus-menu.tsx","statementMap":{"0":{"start":{"line":1,"column":0},"end":{"line":1,"column":78}},"1":{"start":{"line":2,"column":0},"end":{"line":2,"column":83}},"2":{"start":{"line":13,"column":10},"end":{"line":13,"column":47}},"3":{"start":{"line":18,"column":10},"end":{"line":18,"column":32}},"4":{"start":{"line":26,"column":4},"end":{"line":45,"column":6}},"5":{"start":{"line":34,"column":83},"end":{"line":34,"column":110}},"6":{"start":{"line":4,"column":0},"end":{"line":4,"column":null}}},"fnMap":{"0":{"name":"(anonymous_1)","decl":{"start":{"line":4,"column":0},"end":{"line":4,"column":null}},"loc":{"start":{"line":4,"column":0},"end":{"line":47,"column":null}}},"1":{"name":"(anonymous_2)","decl":{"start":{"line":25,"column":2},"end":{"line":25,"column":8}},"loc":{"start":{"line":25,"column":8},"end":{"line":46,"column":3}}},"2":{"name":"(anonymous_3)","decl":{"start":{"line":34,"column":72},"end":{"line":34,"column":73}},"loc":{"start":{"line":34,"column":83},"end":{"line":34,"column":110}}}},"branchMap":{},"s":{"0":1,"1":1,"2":2,"3":2,"4":2,"5":1,"6":1},"f":{"0":2,"1":2,"2":1},"b":{}},"/Users/bryanalanolson/Code/ui-nexus-design-system/packages/nexus/src/components/nexus-footer/nexus-footer-logo/nexus-footer-logo.tsx":{"path":"/Users/bryanalanolson/Code/ui-nexus-design-system/packages/nexus/src/components/nexus-footer/nexus-footer-logo/nexus-footer-logo.tsx","statementMap":{"0":{"start":{"line":1,"column":0},"end":{"line":1,"column":51}},"1":{"start":{"line":10,"column":4},"end":{"line":14,"column":6}},"2":{"start":{"line":3,"column":0},"end":{"line":3,"column":null}}},"fnMap":{"0":{"name":"(anonymous_1)","decl":{"start":{"line":9,"column":2},"end":{"line":9,"column":8}},"loc":{"start":{"line":9,"column":8},"end":{"line":15,"column":3}}}},"branchMap":{},"s":{"0":1,"1":1,"2":1},"f":{"0":1},"b":{}},"/Users/bryanalanolson/Code/ui-nexus-design-system/packages/nexus/src/components/nexus-chip-group/nexus-chip-group.tsx":{"path":"/Users/bryanalanolson/Code/ui-nexus-design-system/packages/nexus/src/components/nexus-chip-group/nexus-chip-group.tsx","statementMap":{"0":{"start":{"line":1,"column":0},"end":{"line":1,"column":45}},"1":{"start":{"line":10,"column":4},"end":{"line":14,"column":6}},"2":{"start":{"line":3,"column":0},"end":{"line":3,"column":null}}},"fnMap":{"0":{"name":"(anonymous_1)","decl":{"start":{"line":9,"column":2},"end":{"line":9,"column":8}},"loc":{"start":{"line":9,"column":8},"end":{"line":15,"column":3}}}},"branchMap":{},"s":{"0":1,"1":2,"2":1},"f":{"0":2},"b":{}},"/Users/bryanalanolson/Code/ui-nexus-design-system/packages/nexus/src/components/nexus-modal/nexus-modal-header/nexus-modal-header-subtitle/nexus-modal-header-subtitle.tsx":{"path":"/Users/bryanalanolson/Code/ui-nexus-design-system/packages/nexus/src/components/nexus-modal/nexus-modal-header/nexus-modal-header-subtitle/nexus-modal-header-subtitle.tsx","statementMap":{"0":{"start":{"line":1,"column":0},"end":{"line":1,"column":51}},"1":{"start":{"line":10,"column":4},"end":{"line":14,"column":6}},"2":{"start":{"line":3,"column":0},"end":{"line":3,"column":null}}},"fnMap":{"0":{"name":"(anonymous_1)","decl":{"start":{"line":9,"column":2},"end":{"line":9,"column":8}},"loc":{"start":{"line":9,"column":8},"end":{"line":15,"column":3}}}},"branchMap":{},"s":{"0":1,"1":1,"2":1},"f":{"0":1},"b":{}},"/Users/bryanalanolson/Code/ui-nexus-design-system/packages/nexus/src/components/nexus-footer/nexus-footer-bottom/nexus-footer-bottom.tsx":{"path":"/Users/bryanalanolson/Code/ui-nexus-design-system/packages/nexus/src/components/nexus-footer/nexus-footer-bottom/nexus-footer-bottom.tsx","statementMap":{"0":{"start":{"line":1,"column":0},"end":{"line":1,"column":51}},"1":{"start":{"line":10,"column":4},"end":{"line":20,"column":6}},"2":{"start":{"line":3,"column":0},"end":{"line":3,"column":null}}},"fnMap":{"0":{"name":"(anonymous_1)","decl":{"start":{"line":9,"column":2},"end":{"line":9,"column":8}},"loc":{"start":{"line":9,"column":8},"end":{"line":21,"column":3}}}},"branchMap":{},"s":{"0":1,"1":1,"2":1},"f":{"0":1},"b":{}},"/Users/bryanalanolson/Code/ui-nexus-design-system/packages/nexus/src/components/nexus-tab-bar/nexus-tab-bar.tsx":{"path":"/Users/bryanalanolson/Code/ui-nexus-design-system/packages/nexus/src/components/nexus-tab-bar/nexus-tab-bar.tsx","statementMap":{"0":{"start":{"line":1,"column":0},"end":{"line":1,"column":51}},"1":{"start":{"line":10,"column":4},"end":{"line":14,"column":6}},"2":{"start":{"line":3,"column":0},"end":{"line":3,"column":null}}},"fnMap":{"0":{"name":"(anonymous_1)","decl":{"start":{"line":9,"column":2},"end":{"line":9,"column":8}},"loc":{"start":{"line":9,"column":8},"end":{"line":15,"column":3}}}},"branchMap":{},"s":{"0":1,"1":1,"2":1},"f":{"0":1},"b":{}},"/Users/bryanalanolson/Code/ui-nexus-design-system/packages/nexus/src/components/nexus-modal/nexus-modal-body/nexus-modal-body.tsx":{"path":"/Users/bryanalanolson/Code/ui-nexus-design-system/packages/nexus/src/components/nexus-modal/nexus-modal-body/nexus-modal-body.tsx","statementMap":{"0":{"start":{"line":1,"column":0},"end":{"line":1,"column":51}},"1":{"start":{"line":10,"column":4},"end":{"line":14,"column":6}},"2":{"start":{"line":3,"column":0},"end":{"line":3,"column":null}}},"fnMap":{"0":{"name":"(anonymous_1)","decl":{"start":{"line":9,"column":2},"end":{"line":9,"column":8}},"loc":{"start":{"line":9,"column":8},"end":{"line":15,"column":3}}}},"branchMap":{},"s":{"0":1,"1":1,"2":1},"f":{"0":1},"b":{}},"/Users/bryanalanolson/Code/ui-nexus-design-system/packages/nexus/src/components/nexus-footer/nexus-footer.tsx":{"path":"/Users/bryanalanolson/Code/ui-nexus-design-system/packages/nexus/src/components/nexus-footer/nexus-footer.tsx","statementMap":{"0":{"start":{"line":1,"column":0},"end":{"line":1,"column":60}},"1":{"start":{"line":2,"column":0},"end":{"line":2,"column":48}},"2":{"start":{"line":13,"column":4},"end":{"line":13,"column":36}},"3":{"start":{"line":17,"column":4},"end":{"line":33,"column":6}},"4":{"start":{"line":4,"column":0},"end":{"line":4,"column":null}}},"fnMap":{"0":{"name":"(anonymous_1)","decl":{"start":{"line":12,"column":2},"end":{"line":12,"column":20}},"loc":{"start":{"line":12,"column":20},"end":{"line":14,"column":3}}},"1":{"name":"(anonymous_2)","decl":{"start":{"line":16,"column":2},"end":{"line":16,"column":8}},"loc":{"start":{"line":16,"column":8},"end":{"line":34,"column":3}}}},"branchMap":{},"s":{"0":1,"1":1,"2":1,"3":1,"4":1},"f":{"0":1,"1":1},"b":{}},"/Users/bryanalanolson/Code/ui-nexus-design-system/packages/nexus/src/components/nexus-footer/nexus-footer-column/nexus-footer-column.tsx":{"path":"/Users/bryanalanolson/Code/ui-nexus-design-system/packages/nexus/src/components/nexus-footer/nexus-footer-column/nexus-footer-column.tsx","statementMap":{"0":{"start":{"line":1,"column":0},"end":{"line":1,"column":60}},"1":{"start":{"line":2,"column":0},"end":{"line":2,"column":51}},"2":{"start":{"line":13,"column":4},"end":{"line":13,"column":36}},"3":{"start":{"line":17,"column":4},"end":{"line":24,"column":6}},"4":{"start":{"line":4,"column":0},"end":{"line":4,"column":null}}},"fnMap":{"0":{"name":"(anonymous_1)","decl":{"start":{"line":12,"column":2},"end":{"line":12,"column":20}},"loc":{"start":{"line":12,"column":20},"end":{"line":14,"column":3}}},"1":{"name":"(anonymous_2)","decl":{"start":{"line":16,"column":2},"end":{"line":16,"column":8}},"loc":{"start":{"line":16,"column":8},"end":{"line":25,"column":3}}}},"branchMap":{},"s":{"0":1,"1":1,"2":1,"3":1,"4":1},"f":{"0":1,"1":1},"b":{}}}}